<?xml version="1.0" encoding="UTF-8"?>
<!-- Generated by org.testng.reporters.JUnitReportReporter -->
<testsuite hostname="DESKTOP-P1M3VO3" failures="0" tests="3" name="Practice.Basics" time="8.856" errors="0" timestamp="2023-12-17T15:23:08 IST" skipped="0">
  <testcase classname="Practice.Basics" name="BookApiCrud" time="6.753"/>
  <testcase classname="Practice.Basics" name="BookApiCrud" time="1.670"/>
  <testcase classname="Practice.Basics" name="BookApiCrud" time="0.433"/>
</testsuite> <!-- Practice.Basics -->
